
Importing C:\Users\piotr\Downloads\temp\PCB\PDNAnalyzer_Output\Fast_Servo\Power\odb.tgz... [Sat Oct 10 21:41:56 2020]
============================================================
Reading ODB++ database ...

file not found: odb/misc/info.Z
Reading file odb/matrix/matrix...
Reading file odb/steps/pcb/profile...
Reading file odb/symbols/oval11.811x37.4016_135/features...
Reading file odb/symbols/oval11.811x37.4016_45/features...
Reading file odb/symbols/oval15.811x41.4016_135/features...
Reading file odb/symbols/oval15.811x41.4016_45/features...
Reading file odb/symbols/oval33.4646x11.811_135/features...
Reading file odb/symbols/oval33.4646x11.811_225/features...
Reading file odb/symbols/oval35.4331x11.811_135/features...
Reading file odb/symbols/oval35.4331x11.811_45/features...
Reading file odb/symbols/oval37.4646x15.811_135/features...
Reading file odb/symbols/oval37.4646x15.811_225/features...
Reading file odb/symbols/oval39.4331x15.811_135/features...
Reading file odb/symbols/oval39.4331x15.811_45/features...
Reading file odb/symbols/rect24.4094x22.8346_135/features...
Reading file odb/symbols/rect24.4094x22.8346_315/features...
Reading file odb/symbols/rect24.4094x22.8346_45/features...
Reading file odb/symbols/rect28.4094x26.8346_135/features...
Reading file odb/symbols/rect28.4094x26.8346_315/features...
Reading file odb/symbols/rect28.4094x26.8346_45/features...
Reading file odb/symbols/rect35.4331x39.3701_315/features...
Reading file odb/symbols/rect37.4016x39.3701_225/features...
Reading file odb/symbols/rect37.4016x39.3701_45/features...
Reading file odb/symbols/rect39.4331x43.3701_315/features...
Reading file odb/symbols/rect41.4016x43.3701_225/features...
Reading file odb/symbols/rect41.4016x43.3701_45/features...
Reading file odb/symbols/s100.3937_45/features...
Reading file odb/symbols/s104.3937_45/features...
Reading file odb/symbols/s24.4094_135/features...
Reading file odb/symbols/s24.4094_225/features...
Reading file odb/symbols/s24.4094_315/features...
Reading file odb/symbols/s24.4094_45/features...
Reading file odb/symbols/s28.4094_135/features...
Reading file odb/symbols/s28.4094_225/features...
Reading file odb/symbols/s28.4094_315/features...
Reading file odb/symbols/s28.4094_45/features...
Reading file odb/symbols/s39.3701_45/features...
Reading file odb/symbols/s78.7401_45/features...
Reading file odb/symbols/s82.6772_135/features...
Reading file odb/symbols/s86.6772_135/features...
Reading file odb/symbols/s94.4882_225/features...
Reading file odb/symbols/s98.4882_225/features...
Reading file odb/steps/pcb/eda/data...
Origin of ODB++ database:  Altium Designer file - Version 1.0.0.30000
WARNING: Ignoring I(232 time(s))
eda data: 95 packages, 440 nets.
Reading file odb/steps/pcb/layers/topsolder/features...
1539 SWHs on layer TOPSOLDER

Reading file odb/steps/pcb/layers/top/features...
INFO: end point of polygon corrected by 0.000223607 (<File top\features, line 5626>).
5983 SWHs on layer TOP

Reading file odb/steps/pcb/layers/gp1_gnd_/features...
849 SWHs on layer GP1_GND_

Reading file odb/steps/pcb/layers/l3/features...
1245 SWHs on layer L3

Reading file odb/steps/pcb/layers/l4/features...
623 SWHs on layer L4

Reading file odb/steps/pcb/layers/p3v3/features...
1207 SWHs on layer P3V3

Reading file odb/steps/pcb/layers/bot/features...
4667 SWHs on layer BOT

Reading file odb/steps/pcb/layers/bottomsolder/features...
956 SWHs on layer BOTTOMSOLDER

Added substrate layer SUBSTRATE-1 below etch layer TOP
Added substrate layer SUBSTRATE-2 below etch layer GP1_GND_
Added substrate layer SUBSTRATE-3 below etch layer L3
Added substrate layer SUBSTRATE-4 below etch layer L4
Added substrate layer SUBSTRATE-5 below etch layer P3V3
Reading file odb/steps/pcb/layers/topsolder/attrlist...
Reading file odb/steps/pcb/layers/top/attrlist...
Reading file odb/steps/pcb/layers/gp1_gnd_/attrlist...
Reading file odb/steps/pcb/layers/l3/attrlist...
Reading file odb/steps/pcb/layers/l4/attrlist...
Reading file odb/steps/pcb/layers/p3v3/attrlist...
Reading file odb/steps/pcb/layers/bot/attrlist...
Reading file odb/steps/pcb/layers/bottomsolder/attrlist...
WARNING: material values were set to default due to missing information for the following layers:  'TOPSOLDER', 'TOP', 'GP1_GND_', 'L3', 'L4', 'P3V3', 'BOT', 'BOTTOMSOLDER'
parsing drills TOP-BOT
Reading file odb/steps/pcb/layers/drill/features...
Reading file odb/steps/pcb/layers/comp_+_top/components...
Reading file odb/steps/pcb/layers/comp_+_bot/components...
WARNING: different refdes prefixes in component group Undefined: 
	 R176
	 C74
	 C72
	 C83
	 C69
	 C76
	 C82
	 R147
WARNING: unequal pin numbers in component group: 
	 C103
	 C25
	 C22
INFO: 53 duplicate vertices ignored
INFO: 10 plated drill holes without logical net information
========================================
INFO: Created CSV file (C:\Users\piotr\Downloads\temp\PCB\PDNAnalyzer_Output\Fast_Servo\Power\Results-0\tmp\design.csv) with component properties extracted from ODB++ file.
========================================
========================================
Lumped-element import (C:\Users\piotr\Downloads\temp\PCB\PDNAnalyzer_Output\Fast_Servo\Power\Results-0\tmp\design.csv)...
Detected ' ; ' as separator.

Value-string translations:
	0 ->  0.0 Ohms (R)
	10 ->  10.0 Ohms (R)
	100 ->  100.0 Ohms (R)
	100nF ->  100.0 nF (C)
	100pF ->  100.0 pF (C)
	10k ->  10.0 kOhms (R)
	10uF ->  10.0 uF (C)
	10uH ->  10.0 uH (L)
	110k ->  110.0 kOhms (R)
	120k ->  120.0 kOhms (R)
	130k ->  130.0 kOhms (R)
	15pF ->  15.0 pF (C)
	18k ->  18.0 kOhms (R)
	1M ->  1.0 MOhms (R)
	1k ->  1.0 kOhms (R)
	1k3 ->  1.3 kOhms (R)
	1k8 ->  1.8 kOhms (R)
	1pF ->  1.0 pF (C)
	1uF ->  1.0 uF (C)
	2.2pF ->  2.2 pF (C)
	2.2uF ->  2.2 uF (C)
	20 ->  20.0 Ohms (R)
	200 ->  200.0 Ohms (R)
	200k ->  200.0 kOhms (R)
	20k ->  20.0 kOhms (R)
	22 ->  22.0 Ohms (R)
	220 ->  220.0 Ohms (R)
	220uF ->  220.0 uF (C)
	22uF ->  22.0 uF (C)
	249 ->  249.0 Ohms (R)
	24k ->  24.0 kOhms (R)
	24k9 ->  24.9 kOhms (R)
	280k ->  280.0 kOhms (R)
	28k ->  28.0 kOhms (R)
	2k4 ->  2.4 kOhms (R)
	2k7 ->  2.7 kOhms (R)
	2x1mH ->  2.0 nH (L)
	32R2 ->  32.2 Ohms (R)
	33 ->  33.0 Ohms (R)
	330 ->  330.0 Ohms (R)
	330pF ->  330.0 pF (C)
	33k ->  33.0 kOhms (R)
	33k2 ->  33.2 kOhms (R)
	33nF ->  33.0 nF (C)
	33pF ->  33.0 pF (C)
	33uF ->  33.0 uF (C)
	340 ->  340.0 Ohms (R)
	348 ->  348.0 Ohms (R)
	360R@100MHz ->  360.0 H (L)
	36k ->  36.0 kOhms (R)
	390k ->  390.0 kOhms (R)
	390pF ->  390.0 pF (C)
	4.7nF ->  4.7 nF (C)
	4.7uF ->  4.7 uF (C)
	470nF ->  470.0 nF (C)
	47uF ->  47.0 uF (C)
	499 ->  499.0 Ohms (R)
	49R9 ->  49.9 Ohms (R)
	49k9 ->  49.9 kOhms (R)
	4k7 ->  4.7 kOhms (R)
	50 ->  50.0 Ohms (R)
	57k6 ->  57.6 kOhms (R)
	6.8pF ->  6.8 pF (C)
	600R@100MHz ->  600.0 H (L)
	60@100MHz ->  60.00000000000001 nH (L)
	7k68 ->  7.68 kOhms (R)
	82k ->  82.0 kOhms (R)
	82pF ->  82.0 pF (C)
WARNING: unphysical value: 360.0 H
WARNING: unphysical value: 600.0 H
WARNING: unphysical value: 0.0 Ohms
WARNING: unable to interpret: Undefined
WARNING: unable to interpret: IHLP3232DZER3R3M01
WARNING: unable to interpret: Red/Green
WARNING: unable to interpret: Green
WARNING: unable to interpret: Green/Green
WARNING: unable to interpret: DNP
========================================
WARNING: There were some warnings while importing the auto-generated CSV-file 'C:\Users\piotr\Downloads\temp\PCB\PDNAnalyzer_Output\Fast_Servo\Power\Results-0\tmp\design.csv'. Please review the auto-generated file under Parts Editor->Load (csv).
========================================
Unifying library padstacks...
Finished reading database.
============================================================
